[    0.000000] Linux version 4.15.0-106-generic (buildd@lcy01-amd64-016) (gcc version 7.5.0 (Ubuntu 7.5.0-3ubuntu1~18.04)) #107-Ubuntu SMP Thu Jun 4 11:27:52 UTC 2020 (Ubuntu 4.15.0-106.107-generic 4.15.18)
[    0.000000] Command line: BOOT_IMAGE=/boot/vmlinuz-4.15.0-106-generic root=UUID=997085ba-b58f-436e-bf90-9b60460919f0 ro console=tty1 console=ttyS0
[    0.000000] KERNEL supported cpus:
[    0.000000]   Intel GenuineIntel
[    0.000000]   AMD AuthenticAMD
[    0.000000]   Centaur CentaurHauls
[    0.000000] x86/fpu: Supporting XSAVE feature 0x001: 'x87 floating point registers'
[    0.000000] x86/fpu: Supporting XSAVE feature 0x002: 'SSE registers'
[    0.000000] x86/fpu: Supporting XSAVE feature 0x004: 'AVX registers'
[    0.000000] x86/fpu: xstate_offset[2]:  576, xstate_sizes[2]:  256
[    0.000000] x86/fpu: Enabled xstate features 0x7, context size is 832 bytes, using 'standard' format.
[    0.000000] e820: BIOS-provided physical RAM map:
[    0.000000] BIOS-e820: [mem 0x0000000000000000-0x000000000009fbff] usable
[    0.000000] BIOS-e820: [mem 0x000000000009fc00-0x000000000009ffff] reserved
[    0.000000] BIOS-e820: [mem 0x00000000000f0000-0x00000000000fffff] reserved
[    0.000000] BIOS-e820: [mem 0x0000000000100000-0x000000007ffeffff] usable
[    0.000000] BIOS-e820: [mem 0x000000007fff0000-0x000000007fffffff] ACPI data
[    0.000000] BIOS-e820: [mem 0x00000000fec00000-0x00000000fec00fff] reserved
[    0.000000] BIOS-e820: [mem 0x00000000fee00000-0x00000000fee00fff] reserved
[    0.000000] BIOS-e820: [mem 0x00000000fffc0000-0x00000000ffffffff] reserved
[    0.000000] NX (Execute Disable) protection: active
[    0.000000] SMBIOS 2.5 present.
[    0.000000] DMI: innotek GmbH VirtualBox/VirtualBox, BIOS VirtualBox 12/01/2006
[    0.000000] Hypervisor detected: KVM
[    0.000000] e820: last_pfn = 0x7fff0 max_arch_pfn = 0x400000000
[    0.000000] MTRR: Disabled
[    0.000000] x86/PAT: MTRRs disabled, skipping PAT initialization too.
[    0.000000] CPU MTRRs all blank - virtualized system.
[    0.000000] x86/PAT: Configuration [0-7]: WB  WT  UC- UC  WB  WT  UC- UC  
[    0.000000] found SMP MP-table at [mem 0x0009fff0-0x0009ffff]
[    0.000000] Scanning 1 areas for low memory corruption
[    0.000000] RAMDISK: [mem 0x3595f000-0x36ca6fff]
[    0.000000] ACPI: Early table checksum verification disabled
[    0.000000] ACPI: RSDP 0x00000000000E0000 000024 (v02 VBOX  )
[    0.000000] ACPI: XSDT 0x000000007FFF0030 00003C (v01 VBOX   VBOXXSDT 00000001 ASL  00000061)
[    0.000000] ACPI: FACP 0x000000007FFF00F0 0000F4 (v04 VBOX   VBOXFACP 00000001 ASL  00000061)
[    0.000000] ACPI: DSDT 0x000000007FFF0470 0022EA (v02 VBOX   VBOXBIOS 00000002 INTL 20100528)
[    0.000000] ACPI: FACS 0x000000007FFF0200 000040
[    0.000000] ACPI: FACS 0x000000007FFF0200 000040
[    0.000000] ACPI: APIC 0x000000007FFF0240 00005C (v02 VBOX   VBOXAPIC 00000001 ASL  00000061)
[    0.000000] ACPI: SSDT 0x000000007FFF02A0 0001CC (v01 VBOX   VBOXCPUT 00000002 INTL 20100528)
[    0.000000] No NUMA configuration found
[    0.000000] Faking a node at [mem 0x0000000000000000-0x000000007ffeffff]
[    0.000000] NODE_DATA(0) allocated [mem 0x7ffc5000-0x7ffeffff]
[    0.000000] kvm-clock: cpu 0, msr 0:7ff44001, primary cpu clock
[    0.000000] kvm-clock: Using msrs 4b564d01 and 4b564d00
[    0.000000] kvm-clock: using sched offset of 3812534053 cycles
[    0.000000] clocksource: kvm-clock: mask: 0xffffffffffffffff max_cycles: 0x1cd42e4dffb, max_idle_ns: 881590591483 ns
[    0.000000] Zone ranges:
[    0.000000]   DMA      [mem 0x0000000000001000-0x0000000000ffffff]
[    0.000000]   DMA32    [mem 0x0000000001000000-0x000000007ffeffff]
[    0.000000]   Normal   empty
[    0.000000]   Device   empty
[    0.000000] Movable zone start for each node
[    0.000000] Early memory node ranges
[    0.000000]   node   0: [mem 0x0000000000001000-0x000000000009efff]
[    0.000000]   node   0: [mem 0x0000000000100000-0x000000007ffeffff]
[    0.000000] Reserved but unavailable: 98 pages
[    0.000000] Initmem setup node 0 [mem 0x0000000000001000-0x000000007ffeffff]
[    0.000000] ACPI: PM-Timer IO Port: 0x4008
[    0.000000] IOAPIC[0]: apic_id 2, version 32, address 0xfec00000, GSI 0-23
[    0.000000] ACPI: INT_SRC_OVR (bus 0 bus_irq 0 global_irq 2 dfl dfl)
[    0.000000] ACPI: INT_SRC_OVR (bus 0 bus_irq 9 global_irq 9 low level)
[    0.000000] Using ACPI (MADT) for SMP configuration information
[    0.000000] smpboot: Allowing 2 CPUs, 0 hotplug CPUs
[    0.000000] PM: Registered nosave memory: [mem 0x00000000-0x00000fff]
[    0.000000] PM: Registered nosave memory: [mem 0x0009f000-0x0009ffff]
[    0.000000] PM: Registered nosave memory: [mem 0x000a0000-0x000effff]
[    0.000000] PM: Registered nosave memory: [mem 0x000f0000-0x000fffff]
[    0.000000] e820: [mem 0x80000000-0xfebfffff] available for PCI devices
[    0.000000] Booting paravirtualized kernel on KVM
[    0.000000] clocksource: refined-jiffies: mask: 0xffffffff max_cycles: 0xffffffff, max_idle_ns: 7645519600211568 ns
[    0.000000] random: get_random_bytes called from start_kernel+0x99/0x4fd with crng_init=0
[    0.000000] setup_percpu: NR_CPUS:8192 nr_cpumask_bits:2 nr_cpu_ids:2 nr_node_ids:1
[    0.000000] percpu: Embedded 45 pages/cpu s147456 r8192 d28672 u1048576
[    0.000000] PV qspinlock hash table entries: 256 (order: 0, 4096 bytes)
[    0.000000] Built 1 zonelists, mobility grouping on.  Total pages: 515961
[    0.000000] Policy zone: DMA32
[    0.000000] Kernel command line: BOOT_IMAGE=/boot/vmlinuz-4.15.0-106-generic root=UUID=997085ba-b58f-436e-bf90-9b60460919f0 ro console=tty1 console=ttyS0
[    0.000000] Memory: 2014700K/2096696K available (12300K kernel code, 2481K rwdata, 4272K rodata, 2436K init, 2720K bss, 81996K reserved, 0K cma-reserved)
[    0.000000] SLUB: HWalign=64, Order=0-3, MinObjects=0, CPUs=2, Nodes=1
[    0.000000] ftrace: allocating 39378 entries in 154 pages
[    0.004000] Hierarchical RCU implementation.
[    0.004000] 	RCU restricting CPUs from NR_CPUS=8192 to nr_cpu_ids=2.
[    0.004000] 	Tasks RCU enabled.
[    0.004000] RCU: Adjusting geometry for rcu_fanout_leaf=16, nr_cpu_ids=2
[    0.004000] NR_IRQS: 524544, nr_irqs: 440, preallocated irqs: 16
[    0.004000] Console: colour VGA+ 80x25
[    0.004000] console [tty1] enabled
[    0.004000] console [ttyS0] enabled
[    0.004000] ACPI: Core revision 20170831
[    0.004000] ACPI: 2 ACPI AML tables successfully acquired and loaded
[    0.004000] APIC: Switch to symmetric I/O mode setup
[    0.004000] x2apic enabled
[    0.004000] Switched APIC routing to physical x2apic.
[    0.004000] ..TIMER: vector=0x30 apic1=0 pin1=2 apic2=-1 pin2=-1
[    0.004002] tsc: Detected 3599.998 MHz processor
[    0.004736] Calibrating delay loop (skipped) preset value.. 7199.99 BogoMIPS (lpj=14399992)
[    0.005299] pid_max: default: 32768 minimum: 301
[    0.006052] Security Framework initialized
[    0.006724] Yama: becoming mindful.
[    0.008013] AppArmor: AppArmor initialized
[    0.011116] Dentry cache hash table entries: 262144 (order: 9, 2097152 bytes)
[    0.013702] Inode-cache hash table entries: 131072 (order: 8, 1048576 bytes)
[    0.014787] Mount-cache hash table entries: 4096 (order: 3, 32768 bytes)
[    0.016004] Mountpoint-cache hash table entries: 4096 (order: 3, 32768 bytes)
[    0.017286] Last level iTLB entries: 4KB 128, 2MB 8, 4MB 8
[    0.018158] Last level dTLB entries: 4KB 64, 2MB 0, 4MB 0, 1GB 4
[    0.019140] Spectre V1 : Mitigation: usercopy/swapgs barriers and __user pointer sanitization
[    0.020002] Spectre V2 : Mitigation: Full generic retpoline
[    0.020883] Spectre V2 : Spectre v2 / SpectreRSB mitigation: Filling RSB on context switch
[    0.022364] Speculative Store Bypass: Vulnerable
[    0.024022] SRBDS: Unknown: Dependent on hypervisor status
[    0.024853] MDS: Mitigation: Clear CPU buffers
[    0.025685] Freeing SMP alternatives memory: 36K
[    0.136000] smpboot: CPU0: Intel(R) Core(TM) i7-9700K CPU @ 3.60GHz (family: 0x6, model: 0x9e, stepping: 0xc)
[    0.136000] Performance Events: unsupported p6 CPU model 158 no PMU driver, software events only.
[    0.136000] Hierarchical SRCU implementation.
[    0.136000] NMI watchdog: Perf event create on CPU 0 failed with -2
[    0.136001] NMI watchdog: Perf NMI watchdog permanently disabled
[    0.136959] smp: Bringing up secondary CPUs ...
[    0.137748] x86: Booting SMP configuration:
[    0.138434] .... node  #0, CPUs:      #1
[    0.004000] kvm-clock: cpu 1, msr 0:7ff44041, secondary cpu clock
[    0.142826] smp: Brought up 1 node, 2 CPUs
[    0.142826] smpboot: Max logical packages: 1
[    0.144002] smpboot: Total of 2 processors activated (14399.99 BogoMIPS)
[    0.145108] devtmpfs: initialized
[    0.145108] x86/mm: Memory block size: 128MB
[    0.145488] evm: security.selinux
[    0.148002] evm: security.SMACK64
[    0.148566] evm: security.SMACK64EXEC
[    0.149170] evm: security.SMACK64TRANSMUTE
[    0.149856] evm: security.SMACK64MMAP
[    0.150467] evm: security.apparmor
[    0.151036] evm: security.ima
[    0.151551] evm: security.capability
[    0.152059] clocksource: jiffies: mask: 0xffffffff max_cycles: 0xffffffff, max_idle_ns: 7645041785100000 ns
[    0.153514] futex hash table entries: 512 (order: 3, 32768 bytes)
[    0.154483] pinctrl core: initialized pinctrl subsystem
[    0.155376] RTC time: 16:37:26, date: 06/11/20
[    0.156094] NET: Registered protocol family 16
[    0.156872] audit: initializing netlink subsys (disabled)
[    0.157738] audit: type=2000 audit(1591893451.636:1): state=initialized audit_enabled=0 res=1
[    0.157738] cpuidle: using governor ladder
[    0.160004] cpuidle: using governor menu
[    0.160690] ACPI: bus type PCI registered
[    0.161358] acpiphp: ACPI Hot Plug PCI Controller Driver version: 0.5
[    0.162454] PCI: Using configuration type 1 for base access
[    0.164218] HugeTLB registered 2.00 MiB page size, pre-allocated 0 pages
[    0.165808] ACPI: Added _OSI(Module Device)
[    0.165808] ACPI: Added _OSI(Processor Device)
[    0.168002] ACPI: Added _OSI(3.0 _SCP Extensions)
[    0.168753] ACPI: Added _OSI(Processor Aggregator Device)
[    0.169613] ACPI: Added _OSI(Linux-Dell-Video)
[    0.170335] ACPI: Added _OSI(Linux-Lenovo-NV-HDMI-Audio)
[    0.172001] ACPI: Added _OSI(Linux-HPI-Hybrid-Graphics)
[    0.173042] ACPI: Executed 1 blocks of module-level executable AML code
[    0.177020] ACPI: Interpreter enabled
[    0.177645] ACPI: (supports S0 S5)
[    0.178230] ACPI: Using IOAPIC for interrupt routing
[    0.179216] PCI: Using host bridge windows from ACPI; if necessary, use "pci=nocrs" and report a bug
[    0.180125] ACPI: Enabled 2 GPEs in block 00 to 07
[    0.186718] ACPI: PCI Root Bridge [PCI0] (domain 0000 [bus 00-ff])
[    0.187815] acpi PNP0A03:00: _OSC: OS supports [ASPM ClockPM Segments MSI]
[    0.188416] acpi PNP0A03:00: _OSC: not requesting OS control; OS requires [ExtendedConfig ASPM ClockPM MSI]
[    0.189973] acpi PNP0A03:00: fail to add MMCONFIG information, can't access extended PCI configuration space under this bridge.
[    0.192252] PCI host bridge to bus 0000:00
[    0.192922] pci_bus 0000:00: root bus resource [io  0x0000-0x0cf7 window]
[    0.193954] pci_bus 0000:00: root bus resource [io  0x0d00-0xffff window]
[    0.195041] pci_bus 0000:00: root bus resource [mem 0x000a0000-0x000bffff window]
[    0.196001] pci_bus 0000:00: root bus resource [mem 0x80000000-0xfdffffff window]
[    0.197184] pci_bus 0000:00: root bus resource [bus 00-ff]
[    0.200230] pci 0000:00:01.1: legacy IDE quirk: reg 0x10: [io  0x01f0-0x01f7]
[    0.201307] pci 0000:00:01.1: legacy IDE quirk: reg 0x14: [io  0x03f6]
[    0.202301] pci 0000:00:01.1: legacy IDE quirk: reg 0x18: [io  0x0170-0x0177]
[    0.203433] pci 0000:00:01.1: legacy IDE quirk: reg 0x1c: [io  0x0376]
[    0.216821] pci 0000:00:07.0: quirk: [io  0x4000-0x403f] claimed by PIIX4 ACPI
[    0.218002] pci 0000:00:07.0: quirk: [io  0x4100-0x410f] claimed by PIIX4 SMB
[    0.226004] ACPI: PCI Interrupt Link [LNKA] (IRQs 5 9 10 *11)
[    0.227182] ACPI: PCI Interrupt Link [LNKB] (IRQs 5 9 *10 11)
[    0.228000] ACPI: PCI Interrupt Link [LNKC] (IRQs 5 *9 10 11)
[    0.228091] ACPI: PCI Interrupt Link [LNKD] (IRQs 5 9 10 *11)
[    0.229193] SCSI subsystem initialized
[    0.229852] pci 0000:00:02.0: vgaarb: setting as boot VGA device
[    0.229852] pci 0000:00:02.0: vgaarb: VGA device added: decodes=io+mem,owns=io+mem,locks=none
[    0.232006] pci 0000:00:02.0: vgaarb: bridge control possible
[    0.232908] vgaarb: loaded
[    0.233410] ACPI: bus type USB registered
[    0.234082] usbcore: registered new interface driver usbfs
[    0.234954] usbcore: registered new interface driver hub
[    0.236010] usbcore: registered new device driver usb
[    0.236847] EDAC MC: Ver: 3.0.0
[    0.236847] PCI: Using ACPI for IRQ routing
[    0.240178] NetLabel: Initializing
[    0.240767] NetLabel:  domain hash size = 128
[    0.241479] NetLabel:  protocols = UNLABELED CIPSOv4 CALIPSO
[    0.242377] NetLabel:  unlabeled traffic allowed by default
[    0.243272] clocksource: Switched to clocksource kvm-clock
[    0.252190] VFS: Disk quotas dquot_6.6.0
[    0.252975] VFS: Dquot-cache hash table entries: 512 (order 0, 4096 bytes)
[    0.254078] AppArmor: AppArmor Filesystem Enabled
[    0.254848] pnp: PnP ACPI init
[    0.256182] pnp: PnP ACPI: found 3 devices
[    0.264714] clocksource: acpi_pm: mask: 0xffffff max_cycles: 0xffffff, max_idle_ns: 2085701024 ns
[    0.266123] NET: Registered protocol family 2
[    0.266968] TCP established hash table entries: 16384 (order: 5, 131072 bytes)
[    0.268145] TCP bind hash table entries: 16384 (order: 6, 262144 bytes)
[    0.269153] TCP: Hash tables configured (established 16384 bind 16384)
[    0.272105] UDP hash table entries: 1024 (order: 3, 32768 bytes)
[    0.273060] UDP-Lite hash table entries: 1024 (order: 3, 32768 bytes)
[    0.274118] NET: Registered protocol family 1
[    0.274818] pci 0000:00:00.0: Limiting direct PCI/PCI transfers
[    0.275788] pci 0000:00:01.0: Activating ISA DMA hang workarounds
[    0.276819] pci 0000:00:02.0: Video device with shadowed ROM at [mem 0x000c0000-0x000dffff]
[    0.278193] Unpacking initramfs...
[    0.513887] Freeing initrd memory: 19744K
[    0.514631] clocksource: tsc: mask: 0xffffffffffffffff max_cycles: 0x33e451ab1a6, max_idle_ns: 440795278720 ns
[    0.516282] platform rtc_cmos: registered platform RTC device (no PNP device found)
[    0.517615] Scanning for low memory corruption every 60 seconds
[    0.519085] Initialise system trusted keyrings
[    0.519827] Key type blacklist registered
[    0.520648] workingset: timestamp_bits=36 max_order=19 bucket_order=0
[    0.522336] zbud: loaded
[    0.523171] squashfs: version 4.0 (2009/01/31) Phillip Lougher
[    0.524297] fuse init (API version 7.26)
[    0.527052] Key type asymmetric registered
[    0.527764] Asymmetric key parser 'x509' registered
[    0.528719] Block layer SCSI generic (bsg) driver version 0.4 loaded (major 246)
[    0.529989] io scheduler noop registered
[    0.530621] io scheduler deadline registered
[    0.531318] io scheduler cfq registered (default)
[    0.532241] ACPI: AC Adapter [AC] (on-line)
[    0.532931] input: Power Button as /devices/LNXSYSTM:00/LNXPWRBN:00/input/input0
[    0.534217] ACPI: Power Button [PWRF]
[    0.534855] input: Sleep Button as /devices/LNXSYSTM:00/LNXSLPBN:00/input/input1
[    0.535984] ACPI: Sleep Button [SLPF]
[    0.536957] Serial: 8250/16550 driver, 32 ports, IRQ sharing enabled
[    0.558396] 00:02: ttyS0 at I/O 0x3f8 (irq = 4, base_baud = 115200) is a 16550A
[    0.562460] Linux agpgart interface v0.103
[    0.564701] loop: module loaded
[    0.565568] scsi host0: ata_piix
[    0.566217] scsi host1: ata_piix
[    0.566765] ata1: PATA max UDMA/33 cmd 0x1f0 ctl 0x3f6 bmdma 0xd000 irq 14
[    0.567780] ata2: PATA max UDMA/33 cmd 0x170 ctl 0x376 bmdma 0xd008 irq 15
[    0.568853] libphy: Fixed MDIO Bus: probed
[    0.569690] tun: Universal TUN/TAP device driver, 1.6
[    0.570594] PPP generic driver version 2.4.2
[    0.571418] ehci_hcd: USB 2.0 'Enhanced' Host Controller (EHCI) Driver
[    0.572393] ehci-pci: EHCI PCI platform driver
[    0.573102] ehci-platform: EHCI generic platform driver
[    0.573901] ohci_hcd: USB 1.1 'Open' Host Controller (OHCI) Driver
[    0.574819] ohci-pci: OHCI PCI platform driver
[    0.575541] ohci-platform: OHCI generic platform driver
[    0.576371] uhci_hcd: USB Universal Host Controller Interface driver
[    0.577331] i8042: PNP: PS/2 Controller [PNP0303:PS2K,PNP0f03:PS2M] at 0x60,0x64 irq 1,12
[    0.579001] serio: i8042 KBD port at 0x60,0x64 irq 1
[    0.579783] serio: i8042 AUX port at 0x60,0x64 irq 12
[    0.580705] mousedev: PS/2 mouse device common for all mice
[    0.582168] rtc_cmos rtc_cmos: rtc core: registered rtc_cmos as rtc0
[    0.583209] rtc_cmos rtc_cmos: alarms up to one day, 114 bytes nvram
[    0.584212] i2c /dev entries driver
[    0.584817] input: AT Translated Set 2 keyboard as /devices/platform/i8042/serio0/input/input2
[    0.586181] device-mapper: uevent: version 1.0.3
[    0.587162] device-mapper: ioctl: 4.37.0-ioctl (2017-09-20) initialised: dm-devel@redhat.com
[    0.588646] ledtrig-cpu: registered to indicate activity on CPUs
[    0.589937] NET: Registered protocol family 10
[    0.593459] Segment Routing with IPv6
[    0.594113] NET: Registered protocol family 17
[    0.594937] Key type dns_resolver registered
[    0.595849] mce: Using 0 MCE banks
[    0.596433] RAS: Correctable Errors collector initialized.
[    0.597296] sched_clock: Marking stable (596419922, 0)->(752252097, -155832175)
[    0.598907] registered taskstats version 1
[    0.599567] Loading compiled-in X.509 certificates
[    0.602049] Loaded X.509 cert 'Build time autogenerated kernel key: b1772ce3e036cbf6bf2b7e9ed9be0f8806d61091'
[    0.603532] zswap: loaded using pool lzo/zbud
[    0.607027] Key type big_key registered
[    0.607654] Key type trusted registered
[    0.609706] Key type encrypted registered
[    0.610348] AppArmor: AppArmor sha1 policy hashing enabled
[    0.611187] ima: No TPM chip found, activating TPM-bypass! (rc=-19)
[    0.612118] ima: Allocated hash algorithm: sha1
[    0.612848] evm: HMAC attrs: 0x1
[    0.613541]   Magic number: 8:105:641
[    0.614283] rtc_cmos rtc_cmos: setting system clock to 2020-06-11 16:37:26 UTC (1591893446)
[    0.615677] BIOS EDD facility v0.16 2004-Jun-25, 0 devices found
[    0.616621] EDD information not available.
[    0.729877] Freeing unused kernel image memory: 2436K
[    0.756868] Write protecting the kernel read-only data: 20480k
[    0.758217] Freeing unused kernel image memory: 2008K
[    0.759157] Freeing unused kernel image memory: 1872K
[    0.765048] x86/mm: Checked W+X mappings: passed, no W+X pages found.
Loading, please wait...
starting version 237
[    0.810428] e1000: Intel(R) PRO/1000 Network Driver - version 7.3.21-k8-NAPI
[    0.811481] e1000: Copyright (c) 1999-2006 Intel Corporation.
[    0.815428] Fusion MPT base driver 3.04.20
[    0.816097] Copyright (c) 1999-2008 LSI Corporation
[    0.821070] Fusion MPT SPI Host driver 3.04.20
[    0.827266] AVX2 version of gcm_enc/dec engaged.
[    0.828014] AES CTR mode by8 optimization enabled
[    1.041694] input: ImExPS/2 Generic Explorer Mouse as /devices/platform/i8042/serio1/input/input4
[    1.183778] e1000 0000:00:03.0 eth0: (PCI:33MHz:32-bit) 02:83:96:c1:64:f9
[    1.185204] e1000 0000:00:03.0 eth0: Intel(R) PRO/1000 Network Connection
[    1.551889] e1000 0000:00:08.0 eth1: (PCI:33MHz:32-bit) 08:00:27:6c:77:3d
[    1.552961] e1000 0000:00:08.0 eth1: Intel(R) PRO/1000 Network Connection
[    1.554844] e1000 0000:00:08.0 enp0s8: renamed from eth1
[    1.560187] mptbase: ioc0: Initiating bringup
[    1.568731] e1000 0000:00:03.0 enp0s3: renamed from eth0
[    1.660890] ioc0: LSI53C1030 A0: Capabilities={Initiator}
[    1.902946] scsi host2: ioc0: LSI53C1030 A0, FwRev=00000000h, Ports=1, MaxQ=256, IRQ=20
[    2.068821] scsi 2:0:0:0: Direct-Access     VBOX     HARDDISK         1.0  PQ: 0 ANSI: 5
[    2.096916] scsi target2:0:0: Beginning Domain Validation
[    2.099832] scsi target2:0:0: Domain Validation skipping write tests
[    2.100818] scsi target2:0:0: Ending Domain Validation
[    2.101765] scsi target2:0:0: asynchronous
[    2.103119] scsi 2:0:1:0: Direct-Access     VBOX     HARDDISK         1.0  PQ: 0 ANSI: 5
[    2.136364] scsi target2:0:1: Beginning Domain Validation
[    2.139381] random: fast init done
[    2.140147] scsi target2:0:1: Domain Validation skipping write tests
[    2.141731] scsi target2:0:1: Ending Domain Validation
[    2.142709] scsi target2:0:1: asynchronous
[    2.146913] random: systemd-udevd: uninitialized urandom read (16 bytes read)
[    2.147999] random: systemd-udevd: uninitialized urandom read (16 bytes read)
[    2.149133] random: systemd-udevd: uninitialized urandom read (16 bytes read)
[    2.150916] sd 2:0:0:0: Attached scsi generic sg0 type 0
[    2.151472] sd 2:0:0:0: [sda] 20971520 512-byte logical blocks: (10.7 GB/10.0 GiB)
[    2.152332] sd 2:0:1:0: Attached scsi generic sg1 type 0
[    2.153358] sd 2:0:0:0: [sda] Write Protect is off
[    2.155245] sd 2:0:0:0: [sda] Incomplete mode parameter data
[    2.155288] sd 2:0:1:0: [sdb] 20480 512-byte logical blocks: (10.5 MB/10.0 MiB)
[    2.156141] sd 2:0:0:0: [sda] Assuming drive cache: write through
[    2.158381] sd 2:0:1:0: [sdb] Write Protect is off
[    2.159453] sd 2:0:1:0: [sdb] Incomplete mode parameter data
[    2.160780] sd 2:0:1:0: [sdb] Assuming drive cache: write through
[    2.162223]  sda: sda1
[    2.164036] sd 2:0:0:0: [sda] Attached SCSI disk
[    2.168061] sd 2:0:1:0: [sdb] Attached SCSI disk
Begin: Loading essential drivers ... [    3.628265] raid6: sse2x1   gen() 16483 MB/s
[    3.676087] raid6: sse2x1   xor() 12023 MB/s
[    3.724405] raid6: sse2x2   gen() 21008 MB/s
[    3.772229] raid6: sse2x2   xor() 13657 MB/s
[    3.820065] raid6: sse2x4   gen() 24099 MB/s
[    3.868366] raid6: sse2x4   xor() 14457 MB/s
[    3.916184] raid6: avx2x1   gen() 33588 MB/s
[    3.964022] raid6: avx2x1   xor() 23877 MB/s
[    4.012314] raid6: avx2x2   gen() 44070 MB/s
[    4.060150] raid6: avx2x2   xor() 26281 MB/s
[    4.108104] raid6: avx2x4   gen() 44723 MB/s
[    4.156338] raid6: avx2x4   xor() 25868 MB/s
[    4.157107] raid6: using algorithm avx2x4 gen() 44723 MB/s
[    4.158026] raid6: .... xor() 25868 MB/s, rmw enabled
[    4.158894] raid6: using avx2x2 recovery algorithm
[    4.160579] xor: automatically using best checksumming function   avx       
[    4.162431] async_tx: api initialized (async)
done.
Begin: Running /scripts/init-premount ... done.
Begin: Mounting root file system ... Begin: Running /scripts/local-top ... done.
Begin: Running /scripts/local-premount ... [    4.191927] Btrfs loaded, crc32c=crc32c-intel
Scanning for Btrfs filesystems
done.
Warning: fsck not present, so skipping root file system
[    4.233198] EXT4-fs (sda1): INFO: recovery required on readonly filesystem
[    4.234245] EXT4-fs (sda1): write access will be enabled during recovery
[    4.289942] EXT4-fs (sda1): orphan cleanup on readonly fs
[    4.323485] EXT4-fs (sda1): 6 orphan inodes deleted
[    4.324295] EXT4-fs (sda1): recovery complete
[    4.326038] EXT4-fs (sda1): mounted filesystem with ordered data mode. Opts: (null)
done.
Begin: Running /scripts/local-bottom ... done.
Begin: Running /scripts/init-bottom ... done.
[    4.792191] ip_tables: (C) 2000-2006 Netfilter Core Team
[    4.825534] systemd[1]: systemd 237 running in system mode. (+PAM +AUDIT +SELINUX +IMA +APPARMOR +SMACK +SYSVINIT +UTMP +LIBCRYPTSETUP +GCRYPT +GNUTLS +ACL +XZ +LZ4 +SECCOMP +BLKID +ELFUTILS +KMOD -IDN2 +IDN -PCRE2 default-hierarchy=hybrid)
[    4.828266] systemd[1]: Detected virtualization oracle.
[    4.828981] systemd[1]: Detected architecture x86-64.

Welcome to [1mUbuntu 18.04.4 LTS[0m!

[    4.844248] systemd[1]: Set hostname to <ubuntu-bionic>.
[    5.465657] systemd[1]: Reached target User and Group Name Lookups.
[[0;32m  OK  [0m] Reached target User and Group Name Lookups.
[    5.476184] systemd[1]: Reached target Swap.
[[0;32m  OK  [0m] Reached target Swap.
[    5.488807] systemd[1]: Reached target System Time Synchronized.
[[0;32m  OK  [0m] Reached target System Time Synchronized.
[    5.501917] systemd[1]: Created slice User and Session Slice.
[[0;32m  OK  [0m] Created slice User and Session Slice.
[    5.512210] systemd[1]: Created slice System Slice.
[[0;32m  OK  [0m] Created slice System Slice.
[    5.524092] systemd[1]: Listening on udev Kernel Socket.
[[0;32m  OK  [0m] Listening on udev Kernel Socket.
[[0;32m  OK  [0m] Listening on Syslog Socket.
[[0;32m  OK  [0m] Listening on Journal Socket.
         Starting Create list of required st…ce nodes for the current kernel...
[[0;32m  OK  [0m] Listening on Journal Socket (/dev/log).
[[0;32m  OK  [0m] Created slice system-serial\x2dgetty.slice.
[[0;32m  OK  [0m] Listening on udev Control Socket.
         Mounting Huge Pages File System...
         Starting udev Coldplug all Devices...
         Mounting Kernel Debug File System...
         Starting Load Kernel Modules...
[[0;32m  OK  [0m] Listening on Network Service Netlink Socket.
[[0;32m  OK  [0m] Listening on LVM2 metadata daemon socket.
         Starting Set the console keyboard layout...
[[0;32m  OK  [0m] Listening on Journal Audit Socket.
[[0;32m  OK  [0m] Reached target Slices.
         Starting Uncomplicated firewall...
[[0;32m  OK  [0m] Set up automount Arbitrary Executab…rmats File System Automount Point.
[[0;32m  OK  [0m] Listening on LVM2 poll daemon socket.
[[0;32m  OK  [0m] Started Forward Password Requests to Wall Directory Watch.
         Starting Remount Root and Kernel File Systems...
[[0;32m  OK  [0m] Listening on /dev/initctl Compatibility Named Pipe.
[[0;32m  OK  [0m] Listening on Device-mapper event daemon FIFOs.
         Starting Monitoring of LVM2 mirrors…ng dmeventd or progress polling...
         Starting Journal Service...
         Mounting POSIX Message Queue File System...
[[0;32m  OK  [0m] Started Create list of required sta…vice nodes for the current kernel.
[[0;32m  OK  [0m] Mounted Huge Pages File System.
[    5.605199] Loading iSCSI transport class v2.0-870.
[[0;32m  OK  [0m] Mounted Kernel Debug File System.
[[0;32m  OK  [0m] Mounted POSIX Message Queue File System.
[    5.618033] iscsi: registered transport (tcp)
         Starting Create Static Device Nodes in /dev...
[[0;32m  OK  [0m] Started udev Coldplug all Devices.
[    5.634978] iscsi: registered transport (iser)
[[0;32m  OK  [0m] Started Load Kernel Modules.
         Starting Apply Kernel Variables...
         Mounting Kernel Configuration File System...
         Mounting FUSE Control File System...
[[0;32m  OK  [0m] Started Uncomplicated firewall.
[[0;32m  OK  [0m] Mounted Kernel Configuration File System.
[[0;32m  OK  [0m] Mounted FUSE Control File System.
[[0;32m  OK  [0m] Started Journal Service.
[[0;32m  OK  [0m] Started Create Static Device Nodes in /dev.
[[0;32m  OK  [0m] Started Remount Root and Kernel File Systems.
         Starting Flush Journal to Persistent Storage...
         Starting Load/Save Random Seed...
         Starting udev Kernel Device Manager...
[[0;32m  OK  [0m] Started Apply Kernel Variables.
[[0;32m  OK  [0m] Started Load/Save Random Seed.
[[0;32m  OK  [0m] Started LVM2 metadata daemon.
[[0;32m  OK  [0m] Started Set the console keyboard layout.
[[0;32m  OK  [0m] Started Monitoring of LVM2 mirrors,…sing dmeventd or progress polling.
[[0;32m  OK  [0m] Reached target Local File Systems (Pre).
[[0;32m  OK  [0m] Reached target Local File Systems.
         Starting ebtables ruleset management...
         Starting Tell Plymouth To Write Out Runtime Data...
         Starting AppArmor initialization...
         Starting Set console font and keymap...
[[0;32m  OK  [0m] Started udev Kernel Device Manager.
[[0;32m  OK  [0m] Started Dispatch Password Requests to Console Directory Watch.
[[0;32m  OK  [0m] Reached target Local Encrypted Volumes.
[[0;32m  OK  [0m] Started Tell Plymouth To Write Out Runtime Data.
[[0;32m  OK  [0m] Started Set console font and keymap.
[[0;32m  OK  [0m] Started ebtables ruleset management.
[[0;32m  OK  [0m] Found device /dev/ttyS0.
[[0;32m  OK  [0m] Listening on Load/Save RF Kill Switch Status /dev/rfkill Watch.
[[0;32m  OK  [0m] Started Flush Journal to Persistent Storage.
         Starting Create Volatile Files and Directories...
[[0;32m  OK  [0m] Started Create Volatile Files and Directories.
         Starting Update UTMP about System Boot/Shutdown...
[[0;32m  OK  [0m] Started Update UTMP about System Boot/Shutdown.
[[0;32m  OK  [0m] Started AppArmor initialization.
         Starting Initial cloud-init job (pre-networking)...
[    8.279327] cloud-init[552]: Cloud-init v. 19.4-33-gbb4131a2-0ubuntu1~18.04.1 running 'init-local' at Thu, 11 Jun 2020 16:37:33 +0000. Up 8.06 seconds.
[[0;32m  OK  [0m] Started Initial cloud-init job (pre-networking).
[[0;32m  OK  [0m] Reached target Network (Pre).
         Starting Network Service...
[[0;32m  OK  [0m] Started Network Service.
         Starting Wait for Network to be Configured...
         Starting Network Name Resolution...
[[0;32m  OK  [0m] Started Network Name Resolution.
[[0;32m  OK  [0m] Reached target Network.
[[0;32m  OK  [0m] Reached target Host and Network Name Lookups.
[[0;32m  OK  [0m] Started Wait for Network to be Configured.
         Starting Initial cloud-init job (metadata service crawler)...
[   10.006621] cloud-init[683]: Cloud-init v. 19.4-33-gbb4131a2-0ubuntu1~18.04.1 running 'init' at Thu, 11 Jun 2020 16:37:35 +0000. Up 9.84 seconds.
[   10.007845] cloud-init[683]: ci-info: ++++++++++++++++++++++++++++++++++++++Net device info+++++++++++++++++++++++++++++++++++++++
[   10.008591] cloud-init[683]: ci-info: +--------+------+-----------------------------+---------------+--------+-------------------+
[   10.009690] cloud-init[683]: ci-info: | Device |  Up  |           Address           |      Mask     | Scope  |     Hw-Address    |
[   10.010822] cloud-init[683]: ci-info: +--------+------+-----------------------------+---------------+--------+-------------------+
[   10.011958] cloud-init[683]: ci-info: | enp0s3 | True |          10.0.2.15          | 255.255.255.0 | global | 02:83:96:c1:64:f9 |
[   10.012988] cloud-init[683]: ci-info: | enp0s3 | True |  fe80::83:96ff:fec1:64f9/64 |       .       |  link  | 02:83:96:c1:64:f9 |
[   10.014093] cloud-init[683]: ci-info: | enp0s8 | True |        192.168.33.100       | 255.255.255.0 | global | 08:00:27:6c:77:3d |
[   10.015198] cloud-init[683]: ci-info: | enp0s8 | True | fe80::a00:27ff:fe6c:773d/64 |       .       |  link  | 08:00:27:6c:77:3d |
[   10.016329] cloud-init[683]: ci-info: |   lo   | True |          127.0.0.1          |   255.0.0.0   |  host  |         .         |
[   10.028446] cloud-init[683]: ci-info: |   lo   | True |           ::1/128           |       .       |  host  |         .         |
[   10.044189] cloud-init[683]: ci-info: +--------+------+-----------------------------+---------------+--------+-------------------+
[   10.060273] cloud-init[683]: ci-info: +++++++++++++++++++++++++++++Route IPv4 info+++++++++++++++++++++++++++++
[   10.076422] cloud-init[683]: ci-info: +-------+--------------+----------+-----------------+-----------+-------+
[   10.090110] cloud-init[683]: ci-info: | Route | Destination  | Gateway  |     Genmask     | Interface | Flags |
[   10.090734] cloud-init[683]: ci-info: +-------+--------------+----------+-----------------+-----------+-------+
[   10.091273] cloud-init[683]: ci-info: |   0   |   0.0.0.0    | 10.0.2.2 |     0.0.0.0     |   enp0s3  |   UG  |
[   10.092320] cloud-init[683]: ci-info: |   1   |   10.0.2.0   | 0.0.0.0  |  255.255.255.0  |   enp0s3  |   U   |
[   10.093287] cloud-init[683]: ci-info: |   2   |   10.0.2.2   | 0.0.0.0  | 255.255.255.255 |   enp0s3  |   UH  |
[   10.094262] cloud-init[683]: ci-info: |   3   | 192.168.33.0 | 0.0.0.0  |  255.255.255.0  |   enp0s8  |   U   |
[   10.095213] cloud-init[683]: ci-info: +-------+--------------+----------+-----------------+-----------+-------+
[   10.096191] cloud-init[683]: ci-info: +++++++++++++++++++Route IPv6 info+++++++++++++++++++
[   10.097055] cloud-init[683]: ci-info: +-------+-------------+---------+-----------+-------+
[   10.097685] cloud-init[683]: ci-info: | Route | Destination | Gateway | Interface | Flags |
[   10.098538] cloud-init[683]: ci-info: +-------+-------------+---------+-----------+-------+
[   10.099395] cloud-init[683]: ci-info: |   1   |  fe80::/64  |    ::   |   enp0s8  |   U   |
[   10.100245] cloud-init[683]: ci-info: |   2   |  fe80::/64  |    ::   |   enp0s3  |   U   |
[   10.101110] cloud-init[683]: ci-info: |   4   |    local    |    ::   |   enp0s3  |   U   |
[   10.101951] cloud-init[683]: ci-info: |   5   |    local    |    ::   |   enp0s8  |   U   |
[   10.102779] cloud-init[683]: ci-info: |   6   |   ff00::/8  |    ::   |   enp0s8  |   U   |
[   10.103607] cloud-init[683]: ci-info: |   7   |   ff00::/8  |    ::   |   enp0s3  |   U   |
[   10.104481] cloud-init[683]: ci-info: +-------+-------------+---------+-----------+-------+
[[0;32m  OK  [0m] Started Initial cloud-init job (metadata service crawler).
[[0;32m  OK  [0m] Reached target System Initialization.
[[0;32m  OK  [0m] Started Message of the Day.
         Starting Socket activation for snappy daemon.
[[0;32m  OK  [0m] Started Daily Cleanup of Temporary Directories.
[[0;32m  OK  [0m] Started Discard unused blocks once a week.
[[0;32m  OK  [0m] Listening on UUID daemon activation socket.
[[0;32m  OK  [0m] Listening on ACPID Listen Socket.
[[0;32m  OK  [0m] Started Daily apt download activities.
[[0;32m  OK  [0m] Started Daily apt upgrade and clean activities.
[[0;32m  OK  [0m] Started Clean PHP session files every 30 mins.
[[0;32m  OK  [0m] Listening on D-Bus System Message Bus Socket.
[[0;32m  OK  [0m] Reached target Timers.
[[0;32m  OK  [0m] Listening on Open-iSCSI iscsid Socket.
[[0;32m  OK  [0m] Started ACPI Events Check.
[[0;32m  OK  [0m] Reached target Paths.
         Starting LXD - unix socket.
[[0;32m  OK  [0m] Reached target Network is Online.
         Starting Availability of block devices...
[[0;32m  OK  [0m] Reached target Remote File Systems (Pre).
[[0;32m  OK  [0m] Reached target Remote File Systems.
[[0;32m  OK  [0m] Reached target Cloud-config availability.
[[0;32m  OK  [0m] Listening on Socket activation for snappy daemon.
[[0;32m  OK  [0m] Listening on LXD - unix socket.
[[0;32m  OK  [0m] Reached target Sockets.
[[0;32m  OK  [0m] Reached target Basic System.
         Starting Virtualbox guest utils...
         Starting MySQL Community Server...
         Starting System Logging Service...
         Starting Clean php session files...
         Starting Message of the Day...
[[0;32m  OK  [0m] Started FUSE filesystem for LXC.
[[0;32m  OK  [0m] Started irqbalance daemon.
         Starting The Apache HTTP Server...
         Starting Dispatcher daemon for systemd-networkd...
[[0;32m  OK  [0m] Started Deferred execution scheduler.
         Starting Login Service...
[[0;32m  OK  [0m] Started Regular background program processing daemon.
         Starting LSB: automatic crash report generation...
         Starting LSB: Record successful boot for GRUB...
[[0;32m  OK  [0m] Started D-Bus System Message Bus.
[[0;32m  OK  [0m] Started Login Service.
[[0;32m  OK  [0m] Started Unattended Upgrades Shutdown.
         Starting Permit User Sessions...
         Starting Accounts Service...
         Starting LXD - container startup/shutdown...
         Starting OpenBSD Secure Shell server...
         Starting Snappy daemon...
[[0;32m  OK  [0m] Started System Logging Service.
[[0;32m  OK  [0m] Started Availability of block devices.
[[0;32m  OK  [0m] Started Permit User Sessions.
         Starting Authorization Manager...
         Starting Hold until boot process finishes up...
         Starting Terminate Plymouth Boot Screen...
[[0;32m  OK  [0m] Started LSB: automatic crash report generation.
[[0;32m  OK  [0m] Started Hold until boot process finishes up.
[[0;32m  OK  [0m] Started Terminate Plymouth Boot Screen.
[[0;32m  OK  [0m] Started Dispatcher daemon for systemd-networkd.
         Starting Set console scheme...
[[0;32m  OK  [0m] Started Serial Getty on ttyS0.
[[0;32m  OK  [0m] Started Set console scheme.
[[0;32m  OK  [0m] Created slice system-getty.slice.
[[0;32m  OK  [0m] Started Getty on tty1.
[[0;32m  OK  [0m] Reached target Login Prompts.
[[0;32m  OK  [0m] Started OpenBSD Secure Shell server.
[[0;32m  OK  [0m] Started Authorization Manager.
[[0;32m  OK  [0m] Started Accounts Service.
[[0;32m  OK  [0m] Started LSB: Record successful boot for GRUB.
[[0;32m  OK  [0m] Started Virtualbox guest utils.
[[0;32m  OK  [0m] Started The Apache HTTP Server.
[[0;32m  OK  [0m] Created slice User Slice of vagrant.
         Starting User Manager for UID 1000...
[[0;32m  OK  [0m] Started Session 1 of user vagrant.
[[0;32m  OK  [0m] Started LXD - container startup/shutdown.
[[0;32m  OK  [0m] Started User Manager for UID 1000.
[[0;32m  OK  [0m] Started Snappy daemon.
         Starting Wait until snapd is fully seeded...
[[0;32m  OK  [0m] Started Wait until snapd is fully seeded.
         Starting Apply the settings specified in cloud-config...
[[0;32m  OK  [0m] Started Message of the Day.
[   15.274199] cloud-init[1412]: Cloud-init v. 19.4-33-gbb4131a2-0ubuntu1~18.04.1 running 'modules:config' at Thu, 11 Jun 2020 16:37:41 +0000. Up 15.14 seconds.
[[0;32m  OK  [0m] Started Apply the settings specified in cloud-config.

Ubuntu 18.04.4 LTS ubuntu-bionic ttyS0

ubuntu-bionic login: [   19.680864] cloud-init[1788]: Cloud-init v. 19.4-33-gbb4131a2-0ubuntu1~18.04.1 running 'modules:final' at Thu, 11 Jun 2020 16:37:45 +0000. Up 19.54 seconds.
[   19.681189] cloud-init[1788]: Cloud-init v. 19.4-33-gbb4131a2-0ubuntu1~18.04.1 finished at Thu, 11 Jun 2020 16:37:45 +0000. Datasource DataSourceNoCloud [seed=/dev/sdb][dsmode=net].  Up 19.67 seconds
         Stopping Session 75 of user vagrant.
         Stopping Availability of block devices...
[[0;32m  OK  [0m] Closed Load/Save RF Kill Switch Status /dev/rfkill Watch.
[[0;32m  OK  [0m] Stopped target Timers.
[[0;32m  OK  [0m] Stopped Daily Cleanup of Temporary Directories.
[[0;32m  OK  [0m] Stopped Clean PHP session files every 30 mins.
[[0;32m  OK  [0m] Stopped Daily apt upgrade and clean activities.
[[0;32m  OK  [0m] Stopped Daily apt download activities.
[[0;32m  OK  [0m] Stopped Discard unused blocks once a week.
[[0;32m  OK  [0m] Stopped target Cloud-init target.
[[0;32m  OK  [0m] Stopped Execute cloud user/final scripts.
[[0;32m  OK  [0m] Stopped Apply the settings specified in cloud-config.
[[0;32m  OK  [0m] Stopped target Network is Online.
[[0;32m  OK  [0m] Stopped target Cloud-config availability.
         Stopping User Manager for UID 1000...
[[0;32m  OK  [0m] Stopped target Graphical Interface.
         Stopping Accounts Service...
[[0;32m  OK  [0m] Stopped target Multi-User System.
         Stopping LSB: automatic crash report generation...
         Stopping LXD - container startup/shutdown...
[[0;32m  OK  [0m] Stopped Wait until snapd is fully seeded.
         Stopping Virtualbox guest utils...
         Stopping OpenBSD Secure Shell server...
         Stopping Deferred execution scheduler...
         Stopping irqbalance daemon...
         Stopping Dispatcher daemon for systemd-networkd...
         Stopping D-Bus System Message Bus...
         Stopping Regular background program processing daemon...
[[0;32m  OK  [0m] Stopped target Login Prompts.
         Stopping Getty on tty1...
         Stopping Serial Getty on ttyS0...
         Stopping LSB: Record su         Stopping System Logging Service...
         Stopping The Apache HTTP Server...
         Stopping Unattended Upgrades Shutdown...
[[0;32m  OK  [0m] Stopped Message of the Day.
[[0;32m  OK  [0m] Stopped target System Time Synchronized.
         Stopping FUSE filesystem for LXC...
         Stopping Authorization Manager...
         Stopping MySQL Community Server...
[[0;32m  OK  [0m] Unmounted /var/lib/lxcfs.
[[0;32m  OK  [0m] Stopped irqbalance daemon.
[[0;32m  OK  [0m] Stopped Dispatcher daemon for systemd-networkd.
[[0;32m  OK  [0m] Stopped Deferred execution scheduler.
[[0;32m  OK  [0m] Stopped Regular background program processing daemon.
[[0;32m  OK  [0m] Stopped Accounts Service.
[[0;32m  OK  [0m] Stopped Authorization Manager.
[[0;32m  OK  [0m] Stopped Serial Getty on ttyS0.
[[0;32m  OK  [0m] Stopped OpenBSD Secure Shell server.
[[0;32m  OK  [0m] Stopped Getty on tty1.
[[0;32m  OK  [0m] Stopped User Manager for UID 1000.
[[0;32m  OK  [0m] Stopped D-Bus System Message Bus.
[[0;32m  OK  [0m] Stopped Session 75 of user vagrant.
[[0;32m  OK  [0m] Removed slice User Slice of vagrant.
[[0;32m  OK  [0m] Removed slice system-getty.slice.
[[0;32m  OK  [0m] Removed slice system-serial\x2dgetty.slice.
         Stopping Permit User Sessions...
[[0;32m  OK  [0m] Stopped System Logging Service.
[[0;32m  OK  [0m] Stopped Unattended Upgrades Shutdown.
[[0;32m  OK  [0m] Stopped Permit User Sessions.
[[0;32m  OK  [0m] Stopped FUSE filesystem for LXC.
         Stopping Login Service...
[[0;32m  OK  [0m] Stopped LXD - container startup/shutdown.
[[0;32m  OK  [0m] Stopped Availability of block devices.
[[0;32m  OK  [0m] Stopped LSB: Record successful boot for GRUB.
[[0;32m  OK  [0m] Stopped Virtualbox guest utils.
[[0;32m  OK  [0m] Stopped LSB: automatic crash report generation.
[[0;32m  OK  [0m] Stopped Login Service.
[[0;32m  OK  [0m] Stopped target User and Group Name Lookups.
[[0;32m  OK  [0m] Stopped The Apache HTTP Server.
[[0;32m  OK  [0m] Stopped target Remote File Systems.
[[0;32m  OK  [0m] Stopped target Remote File Systems (Pre).
[[0;32m  OK  [0m] Stopped target Host and Network Name Lookups.
[[0;32m  OK  [0m] Stopped MySQL Community Server.
[[0;32m  OK  [0m] Stopped target Network.
         Stopping Network Name Resolution...
[[0;32m  OK  [0m] Stopped target Basic System.
[[0;32m  OK  [0m] Stopped target Slices.
[[0;32m  OK  [0m] Removed slice User and Session Slice.
[[0;32m  OK  [0m] Stopped target Paths.
[[0;32m  OK  [0m] Stopped ACPI Events Check.
[[0;32m  OK  [0m] Stopped target Sockets.
[[0;32m  OK  [0m] Closed ACPID Listen Socket.
[[0;32m  OK  [0m] Closed Open-iSCSI iscsid Socket.
[[0;32m  OK  [0m] Closed Syslog Socket.
[[0;32m  OK  [0m] Closed D-Bus System Message Bus Socket.
[[0;32m  OK  [0m] Closed UUID daemon activation socket.
[[0;32m  OK  [0m] Closed LXD - unix socket.
[[0;32m  OK  [0m] Closed Socket activation for snappy daemon.
[[0;32m  OK  [0m] Stopped target System Initialization.
[[0;32m  OK  [0m] Stopped target Local Encrypted Volumes.
[[0;32m  OK  [0m] Stopped Dispatch Password Requests to Console Directory Watch.
[[0;32m  OK  [0m] Stopped Forward Password Requests to Wall Directory Watch.
         Stopping Load/Save Random Seed...
         Stopping Update UTMP about System Boot/Shutdown...
[[0;32m  OK  [0m] Stopped Initial cloud-init job (metadata service crawler).
[[0;32m  OK  [0m] Stopped Network Name Resolution.
[[0;32m  OK  [0m] Stopped Load/Save Random Seed.
         Stopping Network Service...
[[0;32m  OK  [0m] Stopped Update UTMP about System Boot/Shutdown.
[[0;32m  OK  [0m] Stopped Create Volatile Files and Directories.
[[0;32m  OK  [0m] Stopped target Local File Systems.
         Unmounting /vagrant...
         Unmounting /var/www...
         Unmounting /run/user/1000...
[[0;32m  OK  [0m] Stopped Network Service.
[[0;32m  OK  [0m] Unmounted /vagrant.
[[0;32m  OK  [0m] Unmounted /var/www.
[[0;32m  OK  [0m] Unmounted /run/user/1000.
[[0;32m  OK  [0m] Stopped target Swap.
[[0;32m  OK  [0m] Reached target Unmount All Filesystems.
[[0;32m  OK  [0m] Stopped target Local File Systems (Pre).
[[0;32m  OK  [0m] Stopped Create Static Device Nodes in /dev.
         Stopping Monitoring of LVM2 mirrors…ng dmeventd or progress polling...
[[0;32m  OK  [0m] Stopped Apply Kernel Variables.
[[0;32m  OK  [0m] Stopped Load Kernel Modules.
[[0;32m  OK  [0m] Stopped target Network (Pre).
[[0;32m  OK  [0m] Stopped Initial cloud-init job (pre-networking).
[[0;32m  OK  [0m] Stopped Remount Root and Kernel File Systems.
[[0;32m  OK  [0m] Reached target Shutdown.
[[0;32m  OK  [0m] Reached target Final Step.
         Starting Power-Off...
[[0;32m  OK  [0m] Stopped Monitoring of LVM2 mirrors,…sing dmeventd or progress polling.
         Stopping LVM2 metadata daemon...
[[0;32m  OK  [0m] Stopped LVM2 metadata daemon.
[ 4062.288050] reboot: Power down
